<?xml version="1.0" encoding="UTF-8"?>
<!-- Generated by org.testng.reporters.JUnitReportReporter -->
<testsuite hostname="DESKTOP-OP7I3MO" failures="0" tests="2" name="com.appium.demo.AnnotationsAppium" time="25.592" errors="0" timestamp="2022-01-02T23:52:16 AST" skipped="0">
  <testcase classname="com.appium.demo.AnnotationsAppium" name="test1" time="10.604"/>
  <system-out/>
  <testcase classname="com.appium.demo.AnnotationsAppium" name="test2" time="14.988"/>
  <system-out/>
</testsuite> <!-- com.appium.demo.AnnotationsAppium -->
